#
# There is insufficient memory for the Java Runtime Environment to continue.
# Native memory allocation (mmap) failed to map 96468992 bytes for G1 virtual space
# Possible reasons:
#   The system is out of physical RAM or swap space
#   The process is running with CompressedOops enabled, and the Java Heap may be blocking the growth of the native heap
# Possible solutions:
#   Reduce memory load on the system
#   Increase physical memory or swap space
#   Check if swap backing store is full
#   Decrease Java heap size (-Xmx/-Xms)
#   Decrease number of Java threads
#   Decrease Java thread stack sizes (-Xss)
#   Set larger code cache with -XX:ReservedCodeCacheSize=
#   JVM is running with Unscaled Compressed Oops mode in which the Java heap is
#     placed in the first 4GB address space. The Java Heap base address is the
#     maximum limit for the native heap growth. Please use -XX:HeapBaseMinAddress
#     to set the Java Heap base and to place the Java Heap above 4GB virtual address.
# This output file may be truncated or incomplete.
#
#  Out of Memory Error (os_windows.cpp:3600), pid=437948, tid=439828
#
# JRE version:  (21.0.1+12) (build )
# Java VM: OpenJDK 64-Bit Server VM (21.0.1+12-LTS, mixed mode, sharing, tiered, compressed oops, compressed class ptrs, g1 gc, windows-amd64)
# No core dump will be written. Minidumps are not enabled by default on client versions of Windows
#

---------------  S U M M A R Y ------------

Command Line: -javaagent:C:\Program Files\JetBrains\IntelliJ IDEA Community Edition 2023.3.2\lib\idea_rt.jar=62964 -Dfile.encoding=UTF-8 -Dsun.stdout.encoding=UTF-8 -Dsun.stderr.encoding=UTF-8 br.com.dio.UIMain

Host: AMD Ryzen 5 7520U with Radeon Graphics         , 8 cores, 5G,  Windows 11 , 64 bit Build 26100 (10.0.26100.3912)
Time: Mon May 12 12:00:11 2025 Hora oficial do Brasil elapsed time: 1.169895 seconds (0d 0h 0m 1s)

---------------  T H R E A D  ---------------

Current thread (0x0000025cad4b2fa0):  JavaThread "Unknown thread" [_thread_in_vm, id=439828, stack(0x0000006c97500000,0x0000006c97600000) (1024K)]

Stack: [0x0000006c97500000,0x0000006c97600000]
Native frames: (J=compiled Java code, j=interpreted, Vv=VM code, C=native code)
V  [jvm.dll+0x6cea19]
V  [jvm.dll+0x8a9ef1]
V  [jvm.dll+0x8ac1ce]
V  [jvm.dll+0x8ac8b3]
V  [jvm.dll+0x283e46]
V  [jvm.dll+0x6cb105]
V  [jvm.dll+0x6bfafa]
V  [jvm.dll+0x35915a]
V  [jvm.dll+0x360d36]
V  [jvm.dll+0x3b1b1e]
V  [jvm.dll+0x3b1dc8]
V  [jvm.dll+0x32caac]
V  [jvm.dll+0x32d63b]
V  [jvm.dll+0x872229]
V  [jvm.dll+0x3bee51]
V  [jvm.dll+0x85aaa8]
V  [jvm.dll+0x452a5e]
V  [jvm.dll+0x454521]
C  [jli.dll+0x52a3]
C  [ucrtbase.dll+0x37b0]
C  [KERNEL32.DLL+0x2e8d7]
C  [ntdll.dll+0x9c5dc]


---------------  P R O C E S S  ---------------

Threads class SMR info:
_java_thread_list=0x00007ffa07f29088, length=0, elements={
}

Java Threads: ( => current thread )
Total: 0

Other Threads:
  0x0000025caee5ae60 WorkerThread "GC Thread#0"                     [id=438376, stack(0x0000006c97600000,0x0000006c97700000) (1024K)]
  0x0000025caee676f0 ConcurrentGCThread "G1 Main Marker"            [id=101440, stack(0x0000006c97700000,0x0000006c97800000) (1024K)]
  0x0000025caee69cd0 WorkerThread "G1 Conc#0"                       [id=432420, stack(0x0000006c97800000,0x0000006c97900000) (1024K)]

[error occurred during error reporting (printing all threads), id 0xc0000005, EXCEPTION_ACCESS_VIOLATION (0xc0000005) at pc=0x00007ffa0762fc37]
VM state: not at safepoint (not fully initialized)

VM Mutex/Monitor currently owned by a thread:  ([mutex/lock_event])
[0x00007ffa07f9cb28] Heap_lock - owner thread: 0x0000025cad4b2fa0

Heap address: 0x00000000a4200000, size: 1470 MB, Compressed Oops mode: 32-bit

CDS archive(s) mapped at: [0x0000000000000000-0x0000000000000000-0x0000000000000000), size 0, SharedBaseAddress: 0x0000000800000000, ArchiveRelocationMode: 1.
Narrow klass base: 0x0000000000000000, Narrow klass shift: 0, Narrow klass range: 0x0

GC Precious Log:
 CardTable entry size: 512
 Card Set container configuration: InlinePtr #cards 5 size 8 Array Of Cards #cards 12 size 40 Howl #buckets 4 coarsen threshold 1843 Howl Bitmap #cards 512 size 80 coarsen threshold 460 Card regions per heap region 1 cards per card region 2048

Heap:
 garbage-first heap   total 0K, used 0K [0x00000000a4200000, 0x0000000100000000)
  region size 1024K, 0 young (0K), 0 survivors (0K)

[error occurred during error reporting (printing heap information), id 0xc0000005, EXCEPTION_ACCESS_VIOLATION (0xc0000005) at pc=0x00007ffa07a17739]
GC Heap History (0 events):
No events

Dll operation events (1 events):
Event: 0.015 Loaded shared library C:\Program Files\Java\zulu21.30.15-ca-jdk21.0.1-win_x64\bin\java.dll

Deoptimization events (0 events):
No events

Classes loaded (0 events):
No events

Classes unloaded (0 events):
No events

Classes redefined (0 events):
No events

Internal exceptions (0 events):
No events

ZGC Phase Switch (0 events):
No events

VM Operations (0 events):
No events

Events (0 events):
No events


Dynamic libraries:
0x00007ff7323a0000 - 0x00007ff7323ae000 	C:\Program Files\Java\zulu21.30.15-ca-jdk21.0.1-win_x64\bin\java.exe
0x00007ffa9aa20000 - 0x00007ffa9ac86000 	C:\WINDOWS\SYSTEM32\ntdll.dll
0x00007ffa99750000 - 0x00007ffa99819000 	C:\WINDOWS\System32\KERNEL32.DLL
0x00007ffa98200000 - 0x00007ffa985cc000 	C:\WINDOWS\System32\KERNELBASE.dll
0x00007ffa980b0000 - 0x00007ffa981fb000 	C:\WINDOWS\System32\ucrtbase.dll
0x00007ffa80320000 - 0x00007ffa8033b000 	C:\Program Files\Java\zulu21.30.15-ca-jdk21.0.1-win_x64\bin\VCRUNTIME140.dll
0x00007ffa85200000 - 0x00007ffa85218000 	C:\Program Files\Java\zulu21.30.15-ca-jdk21.0.1-win_x64\bin\jli.dll
0x00007ffa99fc0000 - 0x00007ffa9a18a000 	C:\WINDOWS\System32\USER32.dll
0x00007ffa85e90000 - 0x00007ffa8612a000 	C:\WINDOWS\WinSxS\amd64_microsoft.windows.common-controls_6595b64144ccf1df_6.0.26100.3912_none_3e07963ce335137e\COMCTL32.dll
0x00007ffa985d0000 - 0x00007ffa985f7000 	C:\WINDOWS\System32\win32u.dll
0x00007ffa9a740000 - 0x00007ffa9a7e9000 	C:\WINDOWS\System32\msvcrt.dll
0x00007ffa99e70000 - 0x00007ffa99e9b000 	C:\WINDOWS\System32\GDI32.dll
0x00007ffa97df0000 - 0x00007ffa97f22000 	C:\WINDOWS\System32\gdi32full.dll
0x00007ffa98690000 - 0x00007ffa98733000 	C:\WINDOWS\System32\msvcp_win.dll
0x00007ffa98930000 - 0x00007ffa98960000 	C:\WINDOWS\System32\IMM32.DLL
0x00007ffa87e10000 - 0x00007ffa87e1c000 	C:\Program Files\Java\zulu21.30.15-ca-jdk21.0.1-win_x64\bin\vcruntime140_1.dll
0x00007ffa7aec0000 - 0x00007ffa7af4e000 	C:\Program Files\Java\zulu21.30.15-ca-jdk21.0.1-win_x64\bin\msvcp140.dll
0x00007ffa072f0000 - 0x00007ffa0807d000 	C:\Program Files\Java\zulu21.30.15-ca-jdk21.0.1-win_x64\bin\server\jvm.dll
0x00007ffa99660000 - 0x00007ffa99712000 	C:\WINDOWS\System32\ADVAPI32.dll
0x00007ffa99f00000 - 0x00007ffa99fa6000 	C:\WINDOWS\System32\sechost.dll
0x00007ffa9a4e0000 - 0x00007ffa9a5f6000 	C:\WINDOWS\System32\RPCRT4.dll
0x00007ffa9a7f0000 - 0x00007ffa9a864000 	C:\WINDOWS\System32\WS2_32.dll
0x00007ffa97a00000 - 0x00007ffa97a5e000 	C:\WINDOWS\SYSTEM32\POWRPROF.dll
0x00007ffa8dcf0000 - 0x00007ffa8dd26000 	C:\WINDOWS\SYSTEM32\WINMM.dll
0x00007ffa86130000 - 0x00007ffa8613b000 	C:\WINDOWS\SYSTEM32\VERSION.dll
0x00007ffa979e0000 - 0x00007ffa979f4000 	C:\WINDOWS\SYSTEM32\UMPDC.dll
0x00007ffa96970000 - 0x00007ffa9698a000 	C:\WINDOWS\SYSTEM32\kernel.appcore.dll
0x00007ffa87d90000 - 0x00007ffa87d9a000 	C:\Program Files\Java\zulu21.30.15-ca-jdk21.0.1-win_x64\bin\jimage.dll
0x00007ffa8bb30000 - 0x00007ffa8bd71000 	C:\WINDOWS\SYSTEM32\DBGHELP.DLL
0x00007ffa99820000 - 0x00007ffa99ba4000 	C:\WINDOWS\System32\combase.dll
0x00007ffa99570000 - 0x00007ffa99650000 	C:\WINDOWS\System32\OLEAUT32.dll
0x00007ffa83920000 - 0x00007ffa83959000 	C:\WINDOWS\SYSTEM32\dbgcore.DLL
0x00007ffa98740000 - 0x00007ffa987d9000 	C:\WINDOWS\System32\bcryptPrimitives.dll
0x00007ffa81860000 - 0x00007ffa8186f000 	C:\Program Files\Java\zulu21.30.15-ca-jdk21.0.1-win_x64\bin\instrument.dll
0x00007ffa7f870000 - 0x00007ffa7f88f000 	C:\Program Files\Java\zulu21.30.15-ca-jdk21.0.1-win_x64\bin\java.dll

dbghelp: loaded successfully - version: 4.0.5 - missing functions: none
symbol engine: initialized successfully - sym options: 0x614 - pdb path: .;C:\Program Files\Java\zulu21.30.15-ca-jdk21.0.1-win_x64\bin;C:\WINDOWS\SYSTEM32;C:\WINDOWS\WinSxS\amd64_microsoft.windows.common-controls_6595b64144ccf1df_6.0.26100.3912_none_3e07963ce335137e;C:\Program Files\Java\zulu21.30.15-ca-jdk21.0.1-win_x64\bin\server

VM Arguments:
jvm_args: -javaagent:C:\Program Files\JetBrains\IntelliJ IDEA Community Edition 2023.3.2\lib\idea_rt.jar=62964 -Dfile.encoding=UTF-8 -Dsun.stdout.encoding=UTF-8 -Dsun.stderr.encoding=UTF-8 
java_command: br.com.dio.UIMain
java_class_path (initial): C:\Users\srs\Documents\Cursos\Dio\BootcampBradesco-Java\Desafios de projetos\Jogo sudoku\projeto-sudoku\untitled\out\production\sudoku
Launcher Type: SUN_STANDARD

[Global flags]
     intx CICompilerCount                          = 4                                         {product} {ergonomic}
     uint ConcGCThreads                            = 2                                         {product} {ergonomic}
     uint G1ConcRefinementThreads                  = 8                                         {product} {ergonomic}
   size_t G1HeapRegionSize                         = 1048576                                   {product} {ergonomic}
    uintx GCDrainStackTargetSize                   = 64                                        {product} {ergonomic}
   size_t InitialHeapSize                          = 96468992                                  {product} {ergonomic}
   size_t MarkStackSize                            = 4194304                                   {product} {ergonomic}
   size_t MaxHeapSize                              = 1541406720                                {product} {ergonomic}
   size_t MinHeapDeltaBytes                        = 1048576                                   {product} {ergonomic}
   size_t MinHeapSize                              = 8388608                                   {product} {ergonomic}
    uintx NonNMethodCodeHeapSize                   = 5839372                                {pd product} {ergonomic}
    uintx NonProfiledCodeHeapSize                  = 122909434                              {pd product} {ergonomic}
    uintx ProfiledCodeHeapSize                     = 122909434                              {pd product} {ergonomic}
    uintx ReservedCodeCacheSize                    = 251658240                              {pd product} {ergonomic}
     bool SegmentedCodeCache                       = true                                      {product} {ergonomic}
   size_t SoftMaxHeapSize                          = 1541406720                             {manageable} {ergonomic}
     bool UseCompressedOops                        = true                           {product lp64_product} {ergonomic}
     bool UseG1GC                                  = true                                      {product} {ergonomic}
     bool UseLargePagesIndividualAllocation        = false                                  {pd product} {ergonomic}

Logging:
Log output configuration:
 #0: stdout all=warning uptime,level,tags foldmultilines=false
 #1: stderr all=off uptime,level,tags foldmultilines=false

Environment Variables:
PATH=C:\Program Files\Zulu\zulu-21\bin\;C:\WINDOWS\system32;C:\WINDOWS;C:\WINDOWS\System32\Wbem;C:\WINDOWS\System32\WindowsPowerShell\v1.0\;C:\WINDOWS\System32\OpenSSH\;C:\Program Files\nodejs\;C:\Program Files\OpenRPA\;C:\Program Files\MySQL\MySQL Server 8.0\bin;C:\Program Files\Git\cmd;C:\Program Files\MySQL\MySQL Shell 8.0\bin\;C:\Users\srs\AppData\Local\Microsoft\WindowsApps;;C:\Users\srs\AppData\Local\Programs\Microsoft VS Code\bin;C:\Program Files\JetBrains\IntelliJ IDEA Community Edition 2023.3.2\bin;;C:\Users\srs\AppData\Roaming\npm;C:\Users\srs\AppData\Local\Microsoft\WinGet\Packages\Schniz.fnm_Microsoft.Winget.Source_8wekyb3d8bbwe
USERNAME=srs
OS=Windows_NT
PROCESSOR_IDENTIFIER=AMD64 Family 23 Model 160 Stepping 0, AuthenticAMD
TMP=C:\Users\srs\AppData\Local\Temp
TEMP=C:\Users\srs\AppData\Local\Temp




Periodic native trim disabled

---------------  S Y S T E M  ---------------

OS:
 Windows 11 , 64 bit Build 26100 (10.0.26100.3912)
OS uptime: 12 days 1:10 hours

CPU: total 8 (initial active 8) (8 cores per cpu, 2 threads per core) family 23 model 160 stepping 0 microcode 0x8a00006, cx8, cmov, fxsr, ht, mmx, 3dnowpref, sse, sse2, sse3, ssse3, sse4a, sse4.1, sse4.2, popcnt, lzcnt, tsc, tscinvbit, avx, avx2, aes, clmul, bmi1, bmi2, adx, sha, fma, vzeroupper, clflush, clflushopt, rdtscp, rdpid, f16c
Processor Information for all 8 processors :
  Max Mhz: 2801, Current Mhz: 2801, Mhz Limit: 2801

Memory: 4k page, system-wide physical 5877M (104M free)
TotalPageFile size 24309M (AvailPageFile size 50M)
current process WorkingSet (physical memory assigned to process): 12M, peak: 12M
current process commit charge ("private bytes"): 60M, peak: 152M

vm_info: OpenJDK 64-Bit Server VM (21.0.1+12-LTS) for windows-amd64 JRE (21.0.1+12-LTS) (Zulu21.30+15-CA), built on 2023-10-11T21:38:38Z by "zulu_re" with MS VC++ 17.1 (VS2022)

END.
